This is pdfTeX, Version 3.141592653-2.6-1.40.22 (TeX Live 2021/GNU Guix) (preloaded format=pdflatex 2022.5.9)  11 DEC 2022 20:32
entering extended mode
 restricted \write18 enabled.
 file:line:error style messages enabled.
 %&-line parsing enabled.
**report.tex
(./report.tex
LaTeX2e <2020-10-01> patch level 4
L3 programming layer <2021-02-18>
(/gnu/store/hnsjynry65sj4pdwg10hdalrab1881m8-texlive-texmf-20210325/share/texmf
-dist/tex/latex/base/article.cls
Document Class: article 2020/04/10 v1.4m Standard LaTeX document class

(/gnu/store/hnsjynry65sj4pdwg10hdalrab1881m8-texlive-texmf-20210325/share/texmf
-dist/tex/latex/base/size12.clo
File: size12.clo 2020/04/10 v1.4m Standard LaTeX file (size option)
)
\c@part=\count179
\c@section=\count180
\c@subsection=\count181
\c@subsubsection=\count182
\c@paragraph=\count183
\c@subparagraph=\count184
\c@figure=\count185
\c@table=\count186
\abovecaptionskip=\skip47
\belowcaptionskip=\skip48
\bibindent=\dimen138
)
(/gnu/store/hnsjynry65sj4pdwg10hdalrab1881m8-texlive-texmf-20210325/share/texmf
-dist/tex/latex/amsmath/amsmath.sty
Package: amsmath 2020/09/23 v2.17i AMS math features
\@mathmargin=\skip49

For additional information on amsmath, use the `?' option.

(/gnu/store/hnsjynry65sj4pdwg10hdalrab1881m8-texlive-texmf-20210325/share/texmf
-dist/tex/latex/amsmath/amstext.sty
Package: amstext 2000/06/29 v2.01 AMS text

(/gnu/store/hnsjynry65sj4pdwg10hdalrab1881m8-texlive-texmf-20210325/share/texmf
-dist/tex/latex/amsmath/amsgen.sty
File: amsgen.sty 1999/11/30 v2.0 generic functions
\@emptytoks=\toks15
\ex@=\dimen139
))
(/gnu/store/hnsjynry65sj4pdwg10hdalrab1881m8-texlive-texmf-20210325/share/texmf
-dist/tex/latex/amsmath/amsbsy.sty
Package: amsbsy 1999/11/29 v1.2d Bold Symbols
\pmbraise@=\dimen140
)
(/gnu/store/hnsjynry65sj4pdwg10hdalrab1881m8-texlive-texmf-20210325/share/texmf
-dist/tex/latex/amsmath/amsopn.sty
Package: amsopn 2016/03/08 v2.02 operator names
)
\inf@bad=\count187
LaTeX Info: Redefining \frac on input line 234.
\uproot@=\count188
\leftroot@=\count189
LaTeX Info: Redefining \overline on input line 399.
\classnum@=\count190
\DOTSCASE@=\count191
LaTeX Info: Redefining \ldots on input line 496.
LaTeX Info: Redefining \dots on input line 499.
LaTeX Info: Redefining \cdots on input line 620.
\Mathstrutbox@=\box47
\strutbox@=\box48
\big@size=\dimen141
LaTeX Font Info:    Redeclaring font encoding OML on input line 743.
LaTeX Font Info:    Redeclaring font encoding OMS on input line 744.
\macc@depth=\count192
\c@MaxMatrixCols=\count193
\dotsspace@=\muskip16
\c@parentequation=\count194
\dspbrk@lvl=\count195
\tag@help=\toks16
\row@=\count196
\column@=\count197
\maxfields@=\count198
\andhelp@=\toks17
\eqnshift@=\dimen142
\alignsep@=\dimen143
\tagshift@=\dimen144
\tagwidth@=\dimen145
\totwidth@=\dimen146
\lineht@=\dimen147
\@envbody=\toks18
\multlinegap=\skip50
\multlinetaggap=\skip51
\mathdisplay@stack=\toks19
LaTeX Info: Redefining \[ on input line 2923.
LaTeX Info: Redefining \] on input line 2924.
)
(/gnu/store/hnsjynry65sj4pdwg10hdalrab1881m8-texlive-texmf-20210325/share/texmf
-dist/tex/latex/amsfonts/amssymb.sty
Package: amssymb 2013/01/14 v3.01 AMS font symbols

(/gnu/store/hnsjynry65sj4pdwg10hdalrab1881m8-texlive-texmf-20210325/share/texmf
-dist/tex/latex/amsfonts/amsfonts.sty
Package: amsfonts 2013/01/14 v3.01 Basic AMSFonts support
\symAMSa=\mathgroup4
\symAMSb=\mathgroup5
LaTeX Font Info:    Redeclaring math symbol \hbar on input line 98.
LaTeX Font Info:    Overwriting math alphabet `\mathfrak' in version `bold'
(Font)                  U/euf/m/n --> U/euf/b/n on input line 106.
))
(/gnu/store/hnsjynry65sj4pdwg10hdalrab1881m8-texlive-texmf-20210325/share/texmf
-dist/tex/latex/geometry/geometry.sty
Package: geometry 2020/01/02 v5.9 Page Geometry

(/gnu/store/hnsjynry65sj4pdwg10hdalrab1881m8-texlive-texmf-20210325/share/texmf
-dist/tex/latex/graphics/keyval.sty
Package: keyval 2014/10/28 v1.15 key=value parser (DPC)
\KV@toks@=\toks20
)
(/gnu/store/hnsjynry65sj4pdwg10hdalrab1881m8-texlive-texmf-20210325/share/texmf
-dist/tex/generic/iftex/ifvtex.sty
Package: ifvtex 2019/10/25 v1.7 ifvtex legacy package. Use iftex instead.

(/gnu/store/hnsjynry65sj4pdwg10hdalrab1881m8-texlive-texmf-20210325/share/texmf
-dist/tex/generic/iftex/iftex.sty
Package: iftex 2020/03/06 v1.0d TeX engine tests
))
\Gm@cnth=\count199
\Gm@cntv=\count266
\c@Gm@tempcnt=\count267
\Gm@bindingoffset=\dimen148
\Gm@wd@mp=\dimen149
\Gm@odd@mp=\dimen150
\Gm@even@mp=\dimen151
\Gm@layoutwidth=\dimen152
\Gm@layoutheight=\dimen153
\Gm@layouthoffset=\dimen154
\Gm@layoutvoffset=\dimen155
\Gm@dimlist=\toks21
)
(/gnu/store/hnsjynry65sj4pdwg10hdalrab1881m8-texlive-texmf-20210325/share/texmf
-dist/tex/latex/caption/subcaption.sty
Package: subcaption 2020/10/07 v1.3j Sub-captions (AR)

(/gnu/store/hnsjynry65sj4pdwg10hdalrab1881m8-texlive-texmf-20210325/share/texmf
-dist/tex/latex/caption/caption.sty
Package: caption 2020/10/26 v3.5g Customizing captions (AR)

(/gnu/store/hnsjynry65sj4pdwg10hdalrab1881m8-texlive-texmf-20210325/share/texmf
-dist/tex/latex/caption/caption3.sty
Package: caption3 2020/10/21 v2.2e caption3 kernel (AR)
\captionmargin=\dimen156
\captionmargin@=\dimen157
\captionwidth=\dimen158
\caption@tempdima=\dimen159
\caption@indent=\dimen160
\caption@parindent=\dimen161
\caption@hangindent=\dimen162
Package caption Info: Standard document class detected.
)
\c@caption@flags=\count268
\c@continuedfloat=\count269
)
\c@subfigure=\count270
\c@subtable=\count271
)
(/gnu/store/hnsjynry65sj4pdwg10hdalrab1881m8-texlive-texmf-20210325/share/texmf
-dist/tex/latex/graphics/graphicx.sty
Package: graphicx 2020/09/09 v1.2b Enhanced LaTeX Graphics (DPC,SPQR)

(/gnu/store/hnsjynry65sj4pdwg10hdalrab1881m8-texlive-texmf-20210325/share/texmf
-dist/tex/latex/graphics/graphics.sty
Package: graphics 2020/08/30 v1.4c Standard LaTeX Graphics (DPC,SPQR)

(/gnu/store/hnsjynry65sj4pdwg10hdalrab1881m8-texlive-texmf-20210325/share/texmf
-dist/tex/latex/graphics/trig.sty
Package: trig 2016/01/03 v1.10 sin cos tan (DPC)
)
(/gnu/store/hnsjynry65sj4pdwg10hdalrab1881m8-texlive-texmf-20210325/share/texmf
-dist/tex/latex/graphics-cfg/graphics.cfg
File: graphics.cfg 2016/06/04 v1.11 sample graphics configuration
)
Package graphics Info: Driver file: pdftex.def on input line 105.

(/gnu/store/hnsjynry65sj4pdwg10hdalrab1881m8-texlive-texmf-20210325/share/texmf
-dist/tex/latex/graphics-def/pdftex.def
File: pdftex.def 2020/10/05 v1.2a Graphics/color driver for pdftex
))
\Gin@req@height=\dimen163
\Gin@req@width=\dimen164
)
(/gnu/store/hnsjynry65sj4pdwg10hdalrab1881m8-texlive-texmf-20210325/share/texmf
-dist/tex/latex/listings/listings.sty
\lst@mode=\count272
\lst@gtempboxa=\box49
\lst@token=\toks22
\lst@length=\count273
\lst@currlwidth=\dimen165
\lst@column=\count274
\lst@pos=\count275
\lst@lostspace=\dimen166
\lst@width=\dimen167
\lst@newlines=\count276
\lst@lineno=\count277
\lst@maxwidth=\dimen168

(/gnu/store/hnsjynry65sj4pdwg10hdalrab1881m8-texlive-texmf-20210325/share/texmf
-dist/tex/latex/listings/lstmisc.sty
File: lstmisc.sty 2020/03/24 1.8d (Carsten Heinz)
\c@lstnumber=\count278
\lst@skipnumbers=\count279
\lst@framebox=\box50
)
(/gnu/store/hnsjynry65sj4pdwg10hdalrab1881m8-texlive-texmf-20210325/share/texmf
-dist/tex/latex/listings/listings.cfg
File: listings.cfg 2020/03/24 1.8d listings configuration
))
Package: listings 2020/03/24 1.8d (Carsten Heinz)

(/gnu/store/hnsjynry65sj4pdwg10hdalrab1881m8-texlive-texmf-20210325/share/texmf
-dist/tex/latex/graphics/color.sty
Package: color 2020/02/24 v1.2b Standard LaTeX Color (DPC)

(/gnu/store/hnsjynry65sj4pdwg10hdalrab1881m8-texlive-texmf-20210325/share/texmf
-dist/tex/latex/graphics-cfg/color.cfg
File: color.cfg 2016/01/02 v1.6 sample color configuration
)
Package color Info: Driver file: pdftex.def on input line 147.
)
(/gnu/store/hnsjynry65sj4pdwg10hdalrab1881m8-texlive-texmf-20210325/share/texmf
-dist/tex/latex/l3backend/l3backend-pdftex.def
File: l3backend-pdftex.def 2021-03-18 L3 backend support: PDF output (pdfTeX)
\l__color_backend_stack_int=\count280
\l__pdf_internal_box=\box51
) (./report.aux)
\openout1 = `report.aux'.

LaTeX Font Info:    Checking defaults for OML/cmm/m/it on input line 68.
LaTeX Font Info:    ... okay on input line 68.
LaTeX Font Info:    Checking defaults for OMS/cmsy/m/n on input line 68.
LaTeX Font Info:    ... okay on input line 68.
LaTeX Font Info:    Checking defaults for OT1/cmr/m/n on input line 68.
LaTeX Font Info:    ... okay on input line 68.
LaTeX Font Info:    Checking defaults for T1/cmr/m/n on input line 68.
LaTeX Font Info:    ... okay on input line 68.
LaTeX Font Info:    Checking defaults for TS1/cmr/m/n on input line 68.
LaTeX Font Info:    ... okay on input line 68.
LaTeX Font Info:    Checking defaults for OMX/cmex/m/n on input line 68.
LaTeX Font Info:    ... okay on input line 68.
LaTeX Font Info:    Checking defaults for U/cmr/m/n on input line 68.
LaTeX Font Info:    ... okay on input line 68.

*geometry* driver: auto-detecting
*geometry* detected driver: pdftex
*geometry* verbose mode - [ preamble ] result:
* driver: pdftex
* paper: <default>
* layout: <same size as paper>
* layoutoffset:(h,v)=(0.0pt,0.0pt)
* modes: 
* h-part:(L,W,R)=(54.2025pt, 505.89pt, 54.2025pt)
* v-part:(T,H,B)=(54.2025pt, 686.56499pt, 54.2025pt)
* \paperwidth=614.295pt
* \paperheight=794.96999pt
* \textwidth=505.89pt
* \textheight=686.56499pt
* \oddsidemargin=-18.06749pt
* \evensidemargin=-18.06749pt
* \topmargin=-55.06749pt
* \headheight=12.0pt
* \headsep=25.0pt
* \topskip=12.0pt
* \footskip=30.0pt
* \marginparwidth=44.0pt
* \marginparsep=10.0pt
* \columnsep=10.0pt
* \skip\footins=10.8pt plus 4.0pt minus 2.0pt
* \hoffset=0.0pt
* \voffset=0.0pt
* \mag=1000
* \@twocolumnfalse
* \@twosidefalse
* \@mparswitchfalse
* \@reversemarginfalse
* (1in=72.27pt=25.4mm, 1cm=28.453pt)

Package caption Info: Begin \AtBeginDocument code.
Package caption Info: listings package is loaded.
Package caption Info: End \AtBeginDocument code.

(/gnu/store/hnsjynry65sj4pdwg10hdalrab1881m8-texlive-texmf-20210325/share/texmf
-dist/tex/context/base/mkii/supp-pdf.mkii
[Loading MPS to PDF converter (version 2006.09.02).]
\scratchcounter=\count281
\scratchdimen=\dimen169
\scratchbox=\box52
\nofMPsegments=\count282
\nofMParguments=\count283
\everyMPshowfont=\toks23
\MPscratchCnt=\count284
\MPscratchDim=\dimen170
\MPnumerator=\count285
\makeMPintoPDFobject=\count286
\everyMPtoPDFconversion=\toks24
)
(/gnu/store/hnsjynry65sj4pdwg10hdalrab1881m8-texlive-texmf-20210325/share/texmf
-dist/tex/latex/epstopdf-pkg/epstopdf-base.sty
Package: epstopdf-base 2020-01-24 v2.11 Base part for package epstopdf
Package epstopdf-base Info: Redefining graphics rule for `.eps' on input line 4
85.

(/gnu/store/hnsjynry65sj4pdwg10hdalrab1881m8-texlive-texmf-20210325/share/texmf
-dist/tex/latex/latexconfig/epstopdf-sys.cfg
File: epstopdf-sys.cfg 2010/07/13 v1.3 Configuration of (r)epstopdf for TeX Liv
e
))
\c@lstlisting=\count287
LaTeX Font Info:    Trying to load font information for U+msa on input line 70.


(/gnu/store/hnsjynry65sj4pdwg10hdalrab1881m8-texlive-texmf-20210325/share/texmf
-dist/tex/latex/amsfonts/umsa.fd
File: umsa.fd 2013/01/14 v3.01 AMS symbols A
)
LaTeX Font Info:    Trying to load font information for U+msb on input line 70.


(/gnu/store/hnsjynry65sj4pdwg10hdalrab1881m8-texlive-texmf-20210325/share/texmf
-dist/tex/latex/amsfonts/umsb.fd
File: umsb.fd 2013/01/14 v3.01 AMS symbols B
) [1

{/gnu/store/hnsjynry65sj4pdwg10hdalrab1881m8-texlive-texmf-20210325/share/texmf
-dist/fonts/map/pdftex/updmap/pdftex.map}]
<./img//repomm.png, id=9, 644.4075pt x 384.2355pt>
File: ./img//repomm.png Graphic file (type png)
<use ./img//repomm.png>
Package pdftex.def Info: ./img//repomm.png  used on input line 123.
(pdftex.def)             Requested size: 505.89pt x 301.65485pt.
<./img//mqlmm.png, id=11, 205.36725pt x 205.9695pt>
File: ./img//mqlmm.png Graphic file (type png)
<use ./img//mqlmm.png>
Package pdftex.def Info: ./img//mqlmm.png  used on input line 142.
(pdftex.def)             Requested size: 202.3529pt x 202.95184pt.

[2] [3 <./img//repomm.png> <./img//mqlmm.png>] [4]
<./img//wfoutline.png, id=26, 139.722pt x 207.77625pt>
File: ./img//wfoutline.png Graphic file (type png)
<use ./img//wfoutline.png>
Package pdftex.def Info: ./img//wfoutline.png  used on input line 218.
(pdftex.def)             Requested size: 151.76854pt x 225.69485pt.
 [5 <./img//wfoutline.png>]
<./img//drmm.png, id=31, 172.2435pt x 218.0145pt>
File: ./img//drmm.png Graphic file (type png)
<use ./img//drmm.png>
Package pdftex.def Info: ./img//drmm.png  used on input line 271.
(pdftex.def)             Requested size: 101.17645pt x 128.06189pt.
<./img//repom.png, id=32, 170.43675pt x 299.31825pt>
File: ./img//repom.png Graphic file (type png)
<use ./img//repom.png>
Package pdftex.def Info: ./img//repom.png  used on input line 277.
(pdftex.def)             Requested size: 101.17645pt x 177.6878pt.
<./img//res1.png, id=33, 729.927pt x 28.908pt>
File: ./img//res1.png Graphic file (type png)
<use ./img//res1.png>
Package pdftex.def Info: ./img//res1.png  used on input line 284.
(pdftex.def)             Requested size: 505.89pt x 20.03563pt.
<./img//res2.png, id=34, 185.493pt x 78.89474pt>
File: ./img//res2.png Graphic file (type png)
<use ./img//res2.png>
Package pdftex.def Info: ./img//res2.png  used on input line 309.
(pdftex.def)             Requested size: 151.76854pt x 64.55324pt.


LaTeX Warning: `h' float specifier changed to `ht'.

[6 <./img//drmm.png> <./img//repom.png> <./img//res1.png>] (./report.bbl
[7 <./img//res2.png>]) [8] (./report.aux) ) 
Here is how much of TeX's memory you used:
 5938 strings out of 478994
 91101 string characters out of 5833535
 500328 words of memory out of 5000000
 23374 multiletter control sequences out of 15000+600000
 412877 words of font info for 64 fonts, out of 8000000 for 9000
 1141 hyphenation exceptions out of 8191
 69i,8n,77p,301b,1179s stack positions out of 5000i,500n,10000p,200000b,80000s
</gnu/store/hnsjynry65sj4pdwg10hdalr
ab1881m8-texlive-texmf-20210325/share/texmf-dist/fonts/type1/public/amsfonts/cm
/cmbx12.pfb></gnu/store/hnsjynry65sj4pdwg10hdalrab1881m8-texlive-texmf-20210325
/share/texmf-dist/fonts/type1/public/amsfonts/cm/cmr12.pfb></gnu/store/hnsjynry
65sj4pdwg10hdalrab1881m8-texlive-texmf-20210325/share/texmf-dist/fonts/type1/pu
blic/amsfonts/cm/cmr17.pfb></gnu/store/hnsjynry65sj4pdwg10hdalrab1881m8-texlive
-texmf-20210325/share/texmf-dist/fonts/type1/public/amsfonts/cm/cmti12.pfb></gn
u/store/hnsjynry65sj4pdwg10hdalrab1881m8-texlive-texmf-20210325/share/texmf-dis
t/fonts/type1/public/amsfonts/cm/cmtt10.pfb></gnu/store/hnsjynry65sj4pdwg10hdal
rab1881m8-texlive-texmf-20210325/share/texmf-dist/fonts/type1/public/amsfonts/c
m/cmtt12.pfb>
Output written on report.pdf (8 pages, 162908 bytes).
PDF statistics:
 70 PDF objects out of 1000 (max. 8388607)
 39 compressed objects within 1 object stream
 0 named destinations out of 1000 (max. 500000)
 36 words of extra memory for PDF output out of 10000 (max. 10000000)

